<?xml version="1.0" encoding="UTF-8"?>
<testsuites name="2 Negative Test Suite" time="168.253" tests="3" failures="0" errors="0">
   <testsuite name="2 Negative Test Suite" tests="3" failures="0" errors="0" time="168.253" skipped="0" timestamp="13-02-2024T21:49:44" hostname="ACER - LAPTOP-DI70DTOM" id="Test Suites/2 Negative Test Suite">
      <properties>
         <property name="deviceName" value="emulator-5554 (Android SDK built for x86 - Android 8.1.0)"/>
         <property name="devicePlatform" value=""/>
         <property name="logFolder" value="C:\\Users\\ACER\\git\\Final-Project-QA-MOBILE\\Reports\\20240213_214937\\2 Negative Test Suite\\20240213_214937"/>
         <property name="logFiles" value="C:\\Users\\ACER\\git\\Final-Project-QA-MOBILE\\Reports\\20240213_214937\\2 Negative Test Suite\\20240213_214937\\appium.log, C:\\Users\\ACER\\git\\Final-Project-QA-MOBILE\\Reports\\20240213_214937\\2 Negative Test Suite\\20240213_214937\\appium_error.log, C:\\Users\\ACER\\git\\Final-Project-QA-MOBILE\\Reports\\20240213_214937\\2 Negative Test Suite\\20240213_214937\\execution0.log"/>
         <property name="attachments" value="C:\\Users\\ACER\\git\\Final-Project-QA-MOBILE\\Reports\\20240213_214937\\2 Negative Test Suite\\20240213_214937\\1707832322195.png"/>
         <property name="hostName" value="ACER - LAPTOP-DI70DTOM"/>
         <property name="os" value="Windows 11 64bit"/>
         <property name="appiumServerStatus" value="{&quot;value&quot;:{&quot;ready&quot;:true,&quot;message&quot;:&quot;The server is ready to accept new connections&quot;,&quot;build&quot;:{&quot;version&quot;:&quot;2.5.0&quot;}}}"/>
         <property name="katalonVersion" value="9.3.0.212"/>
         <property name="deviceOS" value="Android"/>
         <property name="appiumVersion" value="2.5.0"/>
         <property name="deviceModel" value="Android SDK built for x86"/>
         <property name="hostAddress" value="192.168.0.111"/>
         <property name="deviceManufacturer" value="Google"/>
         <property name="deviceId" value="emulator-5554"/>
         <property name="deviceName" value="emulator-5554 (Android SDK built for x86 - Android 8.1.0)"/>
         <property name="deviceOSVersion" value="8.1.0"/>
      </properties>
      <testcase name="Test Cases/2 Negative Test Case/10 Negatif Test Case - Gagal Register" time="71.416" classname="Test Cases/2 Negative Test Case/10 Negatif Test Case - Gagal Register" status="PASSED">
         <system-out><![CDATA[13-02-2024T21:49:44 - [TEST_CASE][PASSED] - Test Cases/2 Negative Test Case/10 Negatif Test Case - Gagal Register: Test Cases/2 Negative Test Case/10 Negatif Test Case - Gagal Register

13-02-2024T21:49:44 - [TEST_STEP][PASSED] - startApplication("E:\BFLP IT Batch 9\9. Bootcamp\3. Final Project Mobile\Advantage+demo+3.2.apk", true): Started app at: 'E:\BFLP IT Batch 9\9. Bootcamp\3. Final Project Mobile\Advantage+demo+3.2.apk'

13-02-2024T21:49:45 - [MESSAGE][INFO] - Detected NodeJS location: "C:\Program Files\nodejs\node.exe"

13-02-2024T21:49:56 - [MESSAGE][INFO] - PATH: C:\Program Files\nodejs;

13-02-2024T21:49:56 - [MESSAGE][INFO] - APPIUM_HOME: C:\Users\ACER\.appium

13-02-2024T21:49:56 - [MESSAGE][INFO] - appium outlog: C:\Users\ACER\git\Final-Project-QA-MOBILE\Reports\20240213_214937\2 Negative Test Suite\20240213_214937\appium.log

13-02-2024T21:49:56 - [MESSAGE][INFO] - appium errlog: C:\Users\ACER\git\Final-Project-QA-MOBILE\Reports\20240213_214937\2 Negative Test Suite\20240213_214937\appium_error.log

13-02-2024T21:49:59 - [MESSAGE][INFO] - Appium server started on port 57,204

13-02-2024T21:50:10 - [MESSAGE][PASSED] - Started app at: 'E:\BFLP IT Batch 9\9. Bootcamp\3. Final Project Mobile\Advantage+demo+3.2.apk'

13-02-2024T21:50:10 - [TEST_STEP][PASSED] - tap(findTestObject("Object Repository/1 Register/android.widget.ImageView"), 0): Tapped on element 'Object Repository/1 Register/android.widget.ImageView'

13-02-2024T21:50:10 - [MESSAGE][WARNING] - Timeout '0' is invalid. Using default page load timeout: '30'

13-02-2024T21:50:12 - [MESSAGE][PASSED] - Tapped on element 'Object Repository/1 Register/android.widget.ImageView'

13-02-2024T21:50:12 - [TEST_STEP][PASSED] - tap(findTestObject("Object Repository/1 Register/android.widget.TextView - LOGIN"), 0): Tapped on element 'Object Repository/1 Register/android.widget.TextView - LOGIN'

13-02-2024T21:50:12 - [MESSAGE][WARNING] - Timeout '0' is invalid. Using default page load timeout: '30'

13-02-2024T21:50:13 - [MESSAGE][PASSED] - Tapped on element 'Object Repository/1 Register/android.widget.TextView - LOGIN'

13-02-2024T21:50:13 - [TEST_STEP][PASSED] - tap(findTestObject("Object Repository/1 Register/android.widget.TextView - SIGN UP TODAY"), 0): Tapped on element 'Object Repository/1 Register/android.widget.TextView - SIGN UP TODAY'

13-02-2024T21:50:13 - [MESSAGE][WARNING] - Timeout '0' is invalid. Using default page load timeout: '30'

13-02-2024T21:50:15 - [MESSAGE][PASSED] - Tapped on element 'Object Repository/1 Register/android.widget.TextView - SIGN UP TODAY'

13-02-2024T21:50:15 - [TEST_STEP][PASSED] - setText(findTestObject("Object Repository/1 Register/android.widget.EditText"), "dharmayudhaputu", 0): Text 'dharmayudhaputu' has been set to element 'Object Repository/1 Register/android.widget.EditText'

13-02-2024T21:50:15 - [MESSAGE][WARNING] - Timeout '0' is invalid. Using default page load timeout: '30'

13-02-2024T21:50:18 - [MESSAGE][PASSED] - Text 'dharmayudhaputu' has been set to element 'Object Repository/1 Register/android.widget.EditText'

13-02-2024T21:50:18 - [TEST_STEP][PASSED] - setText(findTestObject("Object Repository/1 Register/android.widget.EditText (1)"), "yudhatesting@gmail.com", 0): Text 'yudhatesting@gmail.com' has been set to element 'Object Repository/1 Register/android.widget.EditText (1)'

13-02-2024T21:50:18 - [MESSAGE][WARNING] - Timeout '0' is invalid. Using default page load timeout: '30'

13-02-2024T21:50:20 - [MESSAGE][PASSED] - Text 'yudhatesting@gmail.com' has been set to element 'Object Repository/1 Register/android.widget.EditText (1)'

13-02-2024T21:50:20 - [TEST_STEP][PASSED] - setText(findTestObject("Object Repository/1 Register/android.widget.EditText (2)"), "Dharmayudha1", 0): Text 'Dharmayudha1' has been set to element 'Object Repository/1 Register/android.widget.EditText (2)'

13-02-2024T21:50:20 - [MESSAGE][WARNING] - Timeout '0' is invalid. Using default page load timeout: '30'

13-02-2024T21:50:22 - [MESSAGE][PASSED] - Text 'Dharmayudha1' has been set to element 'Object Repository/1 Register/android.widget.EditText (2)'

13-02-2024T21:50:22 - [TEST_STEP][PASSED] - setText(findTestObject("Object Repository/1 Register/android.widget.EditText (3)"), "Dharmayudha1", 0): Text 'Dharmayudha1' has been set to element 'Object Repository/1 Register/android.widget.EditText (3)'

13-02-2024T21:50:22 - [MESSAGE][WARNING] - Timeout '0' is invalid. Using default page load timeout: '30'

13-02-2024T21:50:24 - [MESSAGE][PASSED] - Text 'Dharmayudha1' has been set to element 'Object Repository/1 Register/android.widget.EditText (3)'

13-02-2024T21:50:24 - [TEST_STEP][PASSED] - hideKeyboard(): Keyboard is hidden

13-02-2024T21:50:25 - [MESSAGE][PASSED] - Keyboard is hidden

13-02-2024T21:50:25 - [TEST_STEP][PASSED] - setText(findTestObject("Object Repository/1 Register/android.widget.EditText (4)"), "Dharma", 0): Text 'Dharma' has been set to element 'Object Repository/1 Register/android.widget.EditText (4)'

13-02-2024T21:50:25 - [MESSAGE][WARNING] - Timeout '0' is invalid. Using default page load timeout: '30'

13-02-2024T21:50:27 - [MESSAGE][PASSED] - Text 'Dharma' has been set to element 'Object Repository/1 Register/android.widget.EditText (4)'

13-02-2024T21:50:27 - [TEST_STEP][PASSED] - setText(findTestObject("Object Repository/1 Register/android.widget.EditText (5)"), "Yudha", 0): Text 'Yudha' has been set to element 'Object Repository/1 Register/android.widget.EditText (5)'

13-02-2024T21:50:27 - [MESSAGE][WARNING] - Timeout '0' is invalid. Using default page load timeout: '30'

13-02-2024T21:50:29 - [MESSAGE][PASSED] - Text 'Yudha' has been set to element 'Object Repository/1 Register/android.widget.EditText (5)'

13-02-2024T21:50:29 - [TEST_STEP][PASSED] - hideKeyboard(): Keyboard is hidden

13-02-2024T21:50:30 - [MESSAGE][PASSED] - Keyboard is hidden

13-02-2024T21:50:30 - [TEST_STEP][PASSED] - setText(findTestObject("Object Repository/1 Register/android.widget.EditText (6)"), "081353081122", 0): Text '081353081122' has been set to element 'Object Repository/1 Register/android.widget.EditText (6)'

13-02-2024T21:50:30 - [MESSAGE][WARNING] - Timeout '0' is invalid. Using default page load timeout: '30'

13-02-2024T21:50:32 - [MESSAGE][PASSED] - Text '081353081122' has been set to element 'Object Repository/1 Register/android.widget.EditText (6)'

13-02-2024T21:50:32 - [TEST_STEP][PASSED] - hideKeyboard(): Keyboard is hidden

13-02-2024T21:50:33 - [MESSAGE][PASSED] - Keyboard is hidden

13-02-2024T21:50:33 - [TEST_STEP][PASSED] - setText(findTestObject("Object Repository/1 Register/android.widget.EditText (7)"), "Jakarta", 0): Text 'Jakarta' has been set to element 'Object Repository/1 Register/android.widget.EditText (7)'

13-02-2024T21:50:33 - [MESSAGE][WARNING] - Timeout '0' is invalid. Using default page load timeout: '30'

13-02-2024T21:50:35 - [MESSAGE][PASSED] - Text 'Jakarta' has been set to element 'Object Repository/1 Register/android.widget.EditText (7)'

13-02-2024T21:50:35 - [TEST_STEP][PASSED] - hideKeyboard(): Keyboard is hidden

13-02-2024T21:50:36 - [MESSAGE][PASSED] - Keyboard is hidden

13-02-2024T21:50:36 - [TEST_STEP][PASSED] - setText(findTestObject("Object Repository/1 Register/android.widget.EditText (8)"), "Jalan Medan Merdeka No 5 Jakarta", 0): Text 'Jalan Medan Merdeka No 5 Jakarta' has been set to element 'Object Repository/1 Register/android.widget.EditText (8)'

13-02-2024T21:50:36 - [MESSAGE][WARNING] - Timeout '0' is invalid. Using default page load timeout: '30'

13-02-2024T21:50:38 - [MESSAGE][PASSED] - Text 'Jalan Medan Merdeka No 5 Jakarta' has been set to element 'Object Repository/1 Register/android.widget.EditText (8)'

13-02-2024T21:50:38 - [TEST_STEP][PASSED] - hideKeyboard(): Keyboard is hidden

13-02-2024T21:50:39 - [MESSAGE][PASSED] - Keyboard is hidden

13-02-2024T21:50:39 - [TEST_STEP][PASSED] - setText(findTestObject("Object Repository/1 Register/android.widget.EditText (9)"), "Jakarta", 0): Text 'Jakarta' has been set to element 'Object Repository/1 Register/android.widget.EditText (9)'

13-02-2024T21:50:39 - [MESSAGE][WARNING] - Timeout '0' is invalid. Using default page load timeout: '30'

13-02-2024T21:50:48 - [MESSAGE][PASSED] - Text 'Jakarta' has been set to element 'Object Repository/1 Register/android.widget.EditText (9)'

13-02-2024T21:50:48 - [TEST_STEP][PASSED] - setText(findTestObject("Object Repository/1 Register/android.widget.EditText (10)"), "80582", 0): Text '80582' has been set to element 'Object Repository/1 Register/android.widget.EditText (10)'

13-02-2024T21:50:48 - [MESSAGE][WARNING] - Timeout '0' is invalid. Using default page load timeout: '30'

13-02-2024T21:50:50 - [MESSAGE][PASSED] - Text '80582' has been set to element 'Object Repository/1 Register/android.widget.EditText (10)'

13-02-2024T21:50:50 - [TEST_STEP][PASSED] - hideKeyboard(): Keyboard is hidden

13-02-2024T21:50:51 - [MESSAGE][PASSED] - Keyboard is hidden

13-02-2024T21:50:51 - [TEST_STEP][PASSED] - scrollToText("register"): Scrolling to text 'register' successfully

13-02-2024T21:50:54 - [MESSAGE][PASSED] - Scrolling to text 'register' successfully

13-02-2024T21:50:54 - [TEST_STEP][PASSED] - tap(findTestObject("Object Repository/1 Register/android.widget.Button - REGISTER"), 0): Tapped on element 'Object Repository/1 Register/android.widget.Button - REGISTER'

13-02-2024T21:50:54 - [MESSAGE][WARNING] - Timeout '0' is invalid. Using default page load timeout: '30'

13-02-2024T21:50:54 - [MESSAGE][PASSED] - Tapped on element 'Object Repository/1 Register/android.widget.Button - REGISTER'

13-02-2024T21:50:54 - [TEST_STEP][PASSED] - closeApplication(): Close app successfully

13-02-2024T21:50:55 - [MESSAGE][PASSED] - Close app successfully]]></system-out>
         <system-err><![CDATA[]]></system-err>
      </testcase>
      <testcase name="Test Cases/2 Negative Test Case/9 Negatif Test Case - Gagal Login" time="40.118" classname="Test Cases/2 Negative Test Case/9 Negatif Test Case - Gagal Login" status="PASSED">
         <system-out><![CDATA[13-02-2024T21:50:56 - [TEST_CASE][PASSED] - Test Cases/2 Negative Test Case/9 Negatif Test Case - Gagal Login: Test Cases/2 Negative Test Case/9 Negatif Test Case - Gagal Login

13-02-2024T21:50:56 - [TEST_STEP][PASSED] - startApplication("E:\BFLP IT Batch 9\9. Bootcamp\3. Final Project Mobile\Advantage+demo+3.2.apk", true): Started app at: 'E:\BFLP IT Batch 9\9. Bootcamp\3. Final Project Mobile\Advantage+demo+3.2.apk'

13-02-2024T21:50:56 - [MESSAGE][INFO] - Detected NodeJS location: "C:\Program Files\nodejs\node.exe"

13-02-2024T21:51:07 - [MESSAGE][INFO] - PATH: C:\Program Files\nodejs;

13-02-2024T21:51:07 - [MESSAGE][INFO] - APPIUM_HOME: C:\Users\ACER\.appium

13-02-2024T21:51:07 - [MESSAGE][INFO] - appium outlog: C:\Users\ACER\git\Final-Project-QA-MOBILE\Reports\20240213_214937\2 Negative Test Suite\20240213_214937\appium.log

13-02-2024T21:51:07 - [MESSAGE][INFO] - appium errlog: C:\Users\ACER\git\Final-Project-QA-MOBILE\Reports\20240213_214937\2 Negative Test Suite\20240213_214937\appium_error.log

13-02-2024T21:51:10 - [MESSAGE][INFO] - Appium server started on port 57,561

13-02-2024T21:51:18 - [MESSAGE][PASSED] - Started app at: 'E:\BFLP IT Batch 9\9. Bootcamp\3. Final Project Mobile\Advantage+demo+3.2.apk'

13-02-2024T21:51:18 - [TEST_STEP][PASSED] - tap(findTestObject("Object Repository/2 Login dan Checkout/android.widget.ImageView"), 0): Tapped on element 'Object Repository/2 Login dan Checkout/android.widget.ImageView'

13-02-2024T21:51:18 - [MESSAGE][WARNING] - Timeout '0' is invalid. Using default page load timeout: '30'

13-02-2024T21:51:20 - [MESSAGE][PASSED] - Tapped on element 'Object Repository/2 Login dan Checkout/android.widget.ImageView'

13-02-2024T21:51:20 - [TEST_STEP][PASSED] - tap(findTestObject("Object Repository/2 Login dan Checkout/android.widget.LinearLayout"), 0): Tapped on element 'Object Repository/2 Login dan Checkout/android.widget.LinearLayout'

13-02-2024T21:51:20 - [MESSAGE][WARNING] - Timeout '0' is invalid. Using default page load timeout: '30'

13-02-2024T21:51:21 - [MESSAGE][PASSED] - Tapped on element 'Object Repository/2 Login dan Checkout/android.widget.LinearLayout'

13-02-2024T21:51:21 - [TEST_STEP][PASSED] - setText(findTestObject("Object Repository/2 Login dan Checkout/android.widget.EditText"), "yudhatesting", 0): Text 'yudhatesting' has been set to element 'Object Repository/2 Login dan Checkout/android.widget.EditText'

13-02-2024T21:51:21 - [MESSAGE][WARNING] - Timeout '0' is invalid. Using default page load timeout: '30'

13-02-2024T21:51:24 - [MESSAGE][PASSED] - Text 'yudhatesting' has been set to element 'Object Repository/2 Login dan Checkout/android.widget.EditText'

13-02-2024T21:51:24 - [TEST_STEP][PASSED] - setText(findTestObject("Object Repository/2 Login dan Checkout/android.widget.EditText (1)"), "12345678", 0): Text '12345678' has been set to element 'Object Repository/2 Login dan Checkout/android.widget.EditText (1)'

13-02-2024T21:51:24 - [MESSAGE][WARNING] - Timeout '0' is invalid. Using default page load timeout: '30'

13-02-2024T21:51:26 - [MESSAGE][PASSED] - Text '12345678' has been set to element 'Object Repository/2 Login dan Checkout/android.widget.EditText (1)'

13-02-2024T21:51:26 - [TEST_STEP][PASSED] - tap(findTestObject("Object Repository/2 Login dan Checkout/android.widget.Button - LOGIN"), 0): Tapped on element 'Object Repository/2 Login dan Checkout/android.widget.Button - LOGIN'

13-02-2024T21:51:26 - [MESSAGE][WARNING] - Timeout '0' is invalid. Using default page load timeout: '30'

13-02-2024T21:51:27 - [MESSAGE][PASSED] - Tapped on element 'Object Repository/2 Login dan Checkout/android.widget.Button - LOGIN'

13-02-2024T21:51:27 - [TEST_STEP][PASSED] - hideKeyboard(): Keyboard is hidden

13-02-2024T21:51:29 - [MESSAGE][PASSED] - Keyboard is hidden

13-02-2024T21:51:29 - [TEST_STEP][PASSED] - delay(5): Delayed 5 second(s)

13-02-2024T21:51:34 - [MESSAGE][PASSED] - Delayed 5 second(s)

13-02-2024T21:51:34 - [TEST_STEP][PASSED] - closeApplication(): Close app successfully

13-02-2024T21:51:35 - [MESSAGE][INFO] - Cannot close application! An unknown server-side error occurred while processing the command. Original error: 'com.Advantage.aShopping' is still running after 500ms timeout
Build info: version: '3.141.59', revision: 'e82be7d358', time: '2018-11-14T08:25:53'
System info: host: 'LAPTOP-DI70DTOM', ip: '192.168.0.111', os.name: 'Windows 11', os.arch: 'amd64', os.version: '10.0', java.version: '17.0.7'
Driver info: com.kms.katalon.core.appium.driver.SwipeableAndroidDriver
Capabilities {app: E:\BFLP IT Batch 9\9. Bootc..., appPackage: com.Advantage.aShopping, autoGrantPermissions: true, automationName: uiautomator2, databaseEnabled: false, desired: {app: E:\BFLP IT Batch 9\9. Bootc..., autoGrantPermissions: true, automationName: uiautomator2, deviceName: emulator-5554 (Android SDK ..., fullReset: true, newCommandTimeout: 1800, noReset: false, platformName: android, platformVersion: 8.1.0, systemPort: 57559, udid: emulator-5554}, deviceApiLevel: 27, deviceManufacturer: Google, deviceModel: Android SDK built for x86, deviceName: emulator-5554, deviceScreenDensity: 420, deviceScreenSize: 1080x2400, deviceUDID: emulator-5554, fullReset: true, javascriptEnabled: true, locationContextEnabled: false, networkConnectionEnabled: true, newCommandTimeout: 1800, noReset: false, pixelRatio: 2.625, platform: LINUX, platformName: Android, platformVersion: 8.1.0, statBarHeight: 63, systemPort: 57559, takesScreenshot: true, udid: emulator-5554, viewportRect: {height: 2337, left: 0, top: 63, width: 1080}, warnings: {}, webStorageEnabled: false}
Session ID: 7b442a37-b473-49bb-93c4-f54553d620a5

13-02-2024T21:51:36 - [MESSAGE][PASSED] - Close app successfully]]></system-out>
         <system-err><![CDATA[]]></system-err>
      </testcase>
      <testcase name="Test Cases/2 Negative Test Case/11 Negatif Test Case - Invalid Search" time="28.614" classname="Test Cases/2 Negative Test Case/11 Negatif Test Case - Invalid Search" status="PASSED">
         <system-out><![CDATA[13-02-2024T21:52:03 - [TEST_CASE][PASSED] - Test Cases/2 Negative Test Case/11 Negatif Test Case - Invalid Search: Test Cases/2 Negative Test Case/11 Negatif Test Case - Invalid Search

13-02-2024T21:52:03 - [TEST_STEP][PASSED] - startApplication("E:\BFLP IT Batch 9\9. Bootcamp\3. Final Project Mobile\Advantage+demo+3.2.apk", true): Started app at: 'E:\BFLP IT Batch 9\9. Bootcamp\3. Final Project Mobile\Advantage+demo+3.2.apk'

13-02-2024T21:52:11 - [MESSAGE][PASSED] - Started app at: 'E:\BFLP IT Batch 9\9. Bootcamp\3. Final Project Mobile\Advantage+demo+3.2.apk'

13-02-2024T21:52:11 - [TEST_STEP][PASSED] - tap(findTestObject("Object Repository/2 Login dan Checkout/android.widget.ImageView"), 0): Tapped on element 'Object Repository/2 Login dan Checkout/android.widget.ImageView'

13-02-2024T21:52:12 - [MESSAGE][WARNING] - Timeout '0' is invalid. Using default page load timeout: '30'

13-02-2024T21:52:14 - [MESSAGE][PASSED] - Tapped on element 'Object Repository/2 Login dan Checkout/android.widget.ImageView'

13-02-2024T21:52:14 - [TEST_STEP][PASSED] - tap(findTestObject("Object Repository/2 Login dan Checkout/android.widget.LinearLayout"), 0): Tapped on element 'Object Repository/2 Login dan Checkout/android.widget.LinearLayout'

13-02-2024T21:52:14 - [MESSAGE][WARNING] - Timeout '0' is invalid. Using default page load timeout: '30'

13-02-2024T21:52:15 - [MESSAGE][PASSED] - Tapped on element 'Object Repository/2 Login dan Checkout/android.widget.LinearLayout'

13-02-2024T21:52:15 - [TEST_STEP][PASSED] - setText(findTestObject("Object Repository/2 Login dan Checkout/android.widget.EditText"), "yudhatesting", 0): Text 'yudhatesting' has been set to element 'Object Repository/2 Login dan Checkout/android.widget.EditText'

13-02-2024T21:52:15 - [MESSAGE][WARNING] - Timeout '0' is invalid. Using default page load timeout: '30'

13-02-2024T21:52:18 - [MESSAGE][PASSED] - Text 'yudhatesting' has been set to element 'Object Repository/2 Login dan Checkout/android.widget.EditText'

13-02-2024T21:52:18 - [TEST_STEP][PASSED] - setText(findTestObject("Object Repository/2 Login dan Checkout/android.widget.EditText (1)"), "Dharmayudha1", 0): Text 'Dharmayudha1' has been set to element 'Object Repository/2 Login dan Checkout/android.widget.EditText (1)'

13-02-2024T21:52:18 - [MESSAGE][WARNING] - Timeout '0' is invalid. Using default page load timeout: '30'

13-02-2024T21:52:20 - [MESSAGE][PASSED] - Text 'Dharmayudha1' has been set to element 'Object Repository/2 Login dan Checkout/android.widget.EditText (1)'

13-02-2024T21:52:20 - [TEST_STEP][PASSED] - tap(findTestObject("Object Repository/2 Login dan Checkout/android.widget.Button - LOGIN"), 0): Tapped on element 'Object Repository/2 Login dan Checkout/android.widget.Button - LOGIN'

13-02-2024T21:52:20 - [MESSAGE][WARNING] - Timeout '0' is invalid. Using default page load timeout: '30'

13-02-2024T21:52:20 - [MESSAGE][PASSED] - Tapped on element 'Object Repository/2 Login dan Checkout/android.widget.Button - LOGIN'

13-02-2024T21:52:20 - [TEST_STEP][PASSED] - hideKeyboard(): Keyboard is hidden

13-02-2024T21:52:23 - [MESSAGE][PASSED] - Keyboard is hidden

13-02-2024T21:52:23 - [TEST_STEP][PASSED] - setText(findTestObject("Object Repository/2 Login dan Checkout/android.widget.EditText - Search"), "One Piece", 0): Text 'One Piece' has been set to element 'Object Repository/2 Login dan Checkout/android.widget.EditText - Search'

13-02-2024T21:52:23 - [MESSAGE][WARNING] - Timeout '0' is invalid. Using default page load timeout: '30'

13-02-2024T21:52:26 - [MESSAGE][PASSED] - Text 'One Piece' has been set to element 'Object Repository/2 Login dan Checkout/android.widget.EditText - Search'

13-02-2024T21:52:26 - [TEST_STEP][PASSED] - delay(5): Delayed 5 second(s)

13-02-2024T21:52:31 - [MESSAGE][PASSED] - Delayed 5 second(s)

13-02-2024T21:52:31 - [TEST_STEP][PASSED] - closeApplication(): Close app successfully

13-02-2024T21:52:32 - [MESSAGE][PASSED] - Close app successfully]]></system-out>
         <system-err><![CDATA[]]></system-err>
      </testcase>
      <system-out><![CDATA[13-02-2024T21:49:44 - [TEST_SUITE][FAILED] - 2 Negative Test Suite: Test Cases/2 Negative Test Case/11 Negatif Test Case - Invalid Search FAILED.
Reason:
com.kms.katalon.core.exception.StepFailedException: Failed to set text into element
	at com.kms.katalon.core.mobile.keyword.internal.MobileKeywordMain.stepFailed(MobileKeywordMain.groovy:38)
	at com.kms.katalon.core.mobile.keyword.internal.MobileKeywordMain.runKeyword(MobileKeywordMain.groovy:21)
	at com.kms.katalon.core.mobile.keyword.builtin.SetTextKeyword.setText(SetTextKeyword.groovy:62)
	at com.kms.katalon.core.mobile.keyword.builtin.SetTextKeyword.execute(SetTextKeyword.groovy:42)
	at com.kms.katalon.core.keyword.internal.KeywordExecutor.executeKeywordForPlatform(KeywordExecutor.groovy:74)
	at com.kms.katalon.core.mobile.keyword.MobileBuiltInKeywords.setText(MobileBuiltInKeywords.groovy:1307)
	at 11 Negatif Test Case - Invalid Search.run(11 Negatif Test Case - Invalid Search:28)
	at com.kms.katalon.core.main.ScriptEngine.run(ScriptEngine.java:194)
	at com.kms.katalon.core.main.ScriptEngine.runScriptAsRawText(ScriptEngine.java:119)
	at com.kms.katalon.core.main.TestCaseExecutor.runScript(TestCaseExecutor.java:448)
	at com.kms.katalon.core.main.TestCaseExecutor.doExecute(TestCaseExecutor.java:439)
	at com.kms.katalon.core.main.TestCaseExecutor.processExecutionPhase(TestCaseExecutor.java:418)
	at com.kms.katalon.core.main.TestCaseExecutor.accessMainPhase(TestCaseExecutor.java:410)
	at com.kms.katalon.core.main.TestCaseExecutor.execute(TestCaseExecutor.java:285)
	at com.kms.katalon.core.common.CommonExecutor.accessTestCaseMainPhase(CommonExecutor.java:65)
	at com.kms.katalon.core.main.TestSuiteExecutor.accessTestSuiteMainPhase(TestSuiteExecutor.java:148)
	at com.kms.katalon.core.main.TestSuiteExecutor.execute(TestSuiteExecutor.java:106)
	at com.kms.katalon.core.main.TestCaseMain.startTestSuite(TestCaseMain.java:180)
	at TempTestSuite1707832177261.run(TempTestSuite1707832177261.groovy:36)
	at java.base/jdk.internal.reflect.NativeMethodAccessorImpl.invoke0(Native Method)
	at java.base/jdk.internal.reflect.NativeMethodAccessorImpl.invoke(NativeMethodAccessorImpl.java:77)
	at java.base/jdk.internal.reflect.DelegatingMethodAccessorImpl.invoke(DelegatingMethodAccessorImpl.java:43)
Caused by: org.openqa.selenium.StaleElementReferenceException: androidx.test.uiautomator.StaleObjectException
For documentation on this error, please visit: https://www.seleniumhq.org/exceptions/stale_element_reference.html
Build info: version: '3.141.59', revision: 'e82be7d358', time: '2018-11-14T08:25:53'
System info: host: 'LAPTOP-DI70DTOM', ip: '192.168.0.111', os.name: 'Windows 11', os.arch: 'amd64', os.version: '10.0', java.version: '17.0.7'
Driver info: com.kms.katalon.core.appium.driver.SwipeableAndroidDriver
Capabilities {app: E:\BFLP IT Batch 9\9. Bootc..., appPackage: com.Advantage.aShopping, autoGrantPermissions: true, automationName: uiautomator2, databaseEnabled: false, desired: {app: E:\BFLP IT Batch 9\9. Bootc..., autoGrantPermissions: true, automationName: uiautomator2, deviceName: emulator-5554 (Android SDK ..., fullReset: true, newCommandTimeout: 1800, noReset: false, platformName: android, platformVersion: 8.1.0, systemPort: 57849, udid: emulator-5554}, deviceApiLevel: 27, deviceManufacturer: Google, deviceModel: Android SDK built for x86, deviceName: emulator-5554, deviceScreenDensity: 420, deviceScreenSize: 1080x2400, deviceUDID: emulator-5554, fullReset: true, javascriptEnabled: true, locationContextEnabled: false, networkConnectionEnabled: true, newCommandTimeout: 1800, noReset: false, pixelRatio: 2.625, platform: LINUX, platformName: Android, platformVersion: 8.1.0, statBarHeight: 63, systemPort: 57849, takesScreenshot: true, udid: emulator-5554, viewportRect: {height: 2337, left: 0, top: 63, width: 1080}, warnings: {}, webStorageEnabled: false}
Session ID: 960f11d6-20e7-4da6-b512-eb95b374abad
	at java.base/jdk.internal.reflect.NativeConstructorAccessorImpl.newInstance0(Native Method)
	at java.base/jdk.internal.reflect.NativeConstructorAccessorImpl.newInstance(NativeConstructorAccessorImpl.java:77)
	at java.base/jdk.internal.reflect.DelegatingConstructorAccessorImpl.newInstance(DelegatingConstructorAccessorImpl.java:45)
	at org.openqa.selenium.remote.http.W3CHttpResponseCodec.createException(W3CHttpResponseCodec.java:187)
	at org.openqa.selenium.remote.http.W3CHttpResponseCodec.decode(W3CHttpResponseCodec.java:122)
	at org.openqa.selenium.remote.http.W3CHttpResponseCodec.decode(W3CHttpResponseCodec.java:49)
	at org.openqa.selenium.remote.HttpCommandExecutor.execute(HttpCommandExecutor.java:158)
	at io.appium.java_client.remote.AppiumCommandExecutor.execute(AppiumCommandExecutor.java:239)
	at org.openqa.selenium.remote.RemoteWebDriver.execute(RemoteWebDriver.java:552)
	at io.appium.java_client.DefaultGenericMobileDriver.execute(DefaultGenericMobileDriver.java:42)
	at io.appium.java_client.AppiumDriver.execute(AppiumDriver.java:1)
	at io.appium.java_client.android.AndroidDriver.execute(AndroidDriver.java:1)
	at com.kms.katalon.core.appium.driver.SwipeableAndroidDriver.execute(SwipeableAndroidDriver.java:1)
	at org.openqa.selenium.remote.RemoteWebElement.execute(RemoteWebElement.java:285)
	at io.appium.java_client.DefaultGenericMobileElement.execute(DefaultGenericMobileElement.java:45)
	at io.appium.java_client.MobileElement.execute(MobileElement.java:1)
	at io.appium.java_client.android.AndroidElement.execute(AndroidElement.java:1)
	at org.openqa.selenium.remote.RemoteWebElement.click(RemoteWebElement.java:84)
	at org.openqa.selenium.WebElement$click$0.call(Unknown Source)
	at com.kms.katalon.core.mobile.keyword.builtin.SetTextKeyword.sendKeys(SetTextKeyword.groovy:68)
	at com.kms.katalon.core.mobile.keyword.builtin.SetTextKeyword$_setText_closure1.doCall(SetTextKeyword.groovy:56)
	at com.kms.katalon.core.mobile.keyword.builtin.SetTextKeyword$_setText_closure1.call(SetTextKeyword.groovy)
	at com.kms.katalon.core.mobile.keyword.internal.MobileKeywordMain.runKeyword(MobileKeywordMain.groovy:19)
	... 20 more]]></system-out>
      <system-err><![CDATA[13-02-2024T21:49:44 - [TEST_SUITE][FAILED] - 2 Negative Test Suite: Test Cases/2 Negative Test Case/11 Negatif Test Case - Invalid Search FAILED.
Reason:
com.kms.katalon.core.exception.StepFailedException: Failed to set text into element
	at com.kms.katalon.core.mobile.keyword.internal.MobileKeywordMain.stepFailed(MobileKeywordMain.groovy:38)
	at com.kms.katalon.core.mobile.keyword.internal.MobileKeywordMain.runKeyword(MobileKeywordMain.groovy:21)
	at com.kms.katalon.core.mobile.keyword.builtin.SetTextKeyword.setText(SetTextKeyword.groovy:62)
	at com.kms.katalon.core.mobile.keyword.builtin.SetTextKeyword.execute(SetTextKeyword.groovy:42)
	at com.kms.katalon.core.keyword.internal.KeywordExecutor.executeKeywordForPlatform(KeywordExecutor.groovy:74)
	at com.kms.katalon.core.mobile.keyword.MobileBuiltInKeywords.setText(MobileBuiltInKeywords.groovy:1307)
	at 11 Negatif Test Case - Invalid Search.run(11 Negatif Test Case - Invalid Search:28)
	at com.kms.katalon.core.main.ScriptEngine.run(ScriptEngine.java:194)
	at com.kms.katalon.core.main.ScriptEngine.runScriptAsRawText(ScriptEngine.java:119)
	at com.kms.katalon.core.main.TestCaseExecutor.runScript(TestCaseExecutor.java:448)
	at com.kms.katalon.core.main.TestCaseExecutor.doExecute(TestCaseExecutor.java:439)
	at com.kms.katalon.core.main.TestCaseExecutor.processExecutionPhase(TestCaseExecutor.java:418)
	at com.kms.katalon.core.main.TestCaseExecutor.accessMainPhase(TestCaseExecutor.java:410)
	at com.kms.katalon.core.main.TestCaseExecutor.execute(TestCaseExecutor.java:285)
	at com.kms.katalon.core.common.CommonExecutor.accessTestCaseMainPhase(CommonExecutor.java:65)
	at com.kms.katalon.core.main.TestSuiteExecutor.accessTestSuiteMainPhase(TestSuiteExecutor.java:148)
	at com.kms.katalon.core.main.TestSuiteExecutor.execute(TestSuiteExecutor.java:106)
	at com.kms.katalon.core.main.TestCaseMain.startTestSuite(TestCaseMain.java:180)
	at TempTestSuite1707832177261.run(TempTestSuite1707832177261.groovy:36)
	at java.base/jdk.internal.reflect.NativeMethodAccessorImpl.invoke0(Native Method)
	at java.base/jdk.internal.reflect.NativeMethodAccessorImpl.invoke(NativeMethodAccessorImpl.java:77)
	at java.base/jdk.internal.reflect.DelegatingMethodAccessorImpl.invoke(DelegatingMethodAccessorImpl.java:43)
Caused by: org.openqa.selenium.StaleElementReferenceException: androidx.test.uiautomator.StaleObjectException
For documentation on this error, please visit: https://www.seleniumhq.org/exceptions/stale_element_reference.html
Build info: version: '3.141.59', revision: 'e82be7d358', time: '2018-11-14T08:25:53'
System info: host: 'LAPTOP-DI70DTOM', ip: '192.168.0.111', os.name: 'Windows 11', os.arch: 'amd64', os.version: '10.0', java.version: '17.0.7'
Driver info: com.kms.katalon.core.appium.driver.SwipeableAndroidDriver
Capabilities {app: E:\BFLP IT Batch 9\9. Bootc..., appPackage: com.Advantage.aShopping, autoGrantPermissions: true, automationName: uiautomator2, databaseEnabled: false, desired: {app: E:\BFLP IT Batch 9\9. Bootc..., autoGrantPermissions: true, automationName: uiautomator2, deviceName: emulator-5554 (Android SDK ..., fullReset: true, newCommandTimeout: 1800, noReset: false, platformName: android, platformVersion: 8.1.0, systemPort: 57849, udid: emulator-5554}, deviceApiLevel: 27, deviceManufacturer: Google, deviceModel: Android SDK built for x86, deviceName: emulator-5554, deviceScreenDensity: 420, deviceScreenSize: 1080x2400, deviceUDID: emulator-5554, fullReset: true, javascriptEnabled: true, locationContextEnabled: false, networkConnectionEnabled: true, newCommandTimeout: 1800, noReset: false, pixelRatio: 2.625, platform: LINUX, platformName: Android, platformVersion: 8.1.0, statBarHeight: 63, systemPort: 57849, takesScreenshot: true, udid: emulator-5554, viewportRect: {height: 2337, left: 0, top: 63, width: 1080}, warnings: {}, webStorageEnabled: false}
Session ID: 960f11d6-20e7-4da6-b512-eb95b374abad
	at java.base/jdk.internal.reflect.NativeConstructorAccessorImpl.newInstance0(Native Method)
	at java.base/jdk.internal.reflect.NativeConstructorAccessorImpl.newInstance(NativeConstructorAccessorImpl.java:77)
	at java.base/jdk.internal.reflect.DelegatingConstructorAccessorImpl.newInstance(DelegatingConstructorAccessorImpl.java:45)
	at org.openqa.selenium.remote.http.W3CHttpResponseCodec.createException(W3CHttpResponseCodec.java:187)
	at org.openqa.selenium.remote.http.W3CHttpResponseCodec.decode(W3CHttpResponseCodec.java:122)
	at org.openqa.selenium.remote.http.W3CHttpResponseCodec.decode(W3CHttpResponseCodec.java:49)
	at org.openqa.selenium.remote.HttpCommandExecutor.execute(HttpCommandExecutor.java:158)
	at io.appium.java_client.remote.AppiumCommandExecutor.execute(AppiumCommandExecutor.java:239)
	at org.openqa.selenium.remote.RemoteWebDriver.execute(RemoteWebDriver.java:552)
	at io.appium.java_client.DefaultGenericMobileDriver.execute(DefaultGenericMobileDriver.java:42)
	at io.appium.java_client.AppiumDriver.execute(AppiumDriver.java:1)
	at io.appium.java_client.android.AndroidDriver.execute(AndroidDriver.java:1)
	at com.kms.katalon.core.appium.driver.SwipeableAndroidDriver.execute(SwipeableAndroidDriver.java:1)
	at org.openqa.selenium.remote.RemoteWebElement.execute(RemoteWebElement.java:285)
	at io.appium.java_client.DefaultGenericMobileElement.execute(DefaultGenericMobileElement.java:45)
	at io.appium.java_client.MobileElement.execute(MobileElement.java:1)
	at io.appium.java_client.android.AndroidElement.execute(AndroidElement.java:1)
	at org.openqa.selenium.remote.RemoteWebElement.click(RemoteWebElement.java:84)
	at org.openqa.selenium.WebElement$click$0.call(Unknown Source)
	at com.kms.katalon.core.mobile.keyword.builtin.SetTextKeyword.sendKeys(SetTextKeyword.groovy:68)
	at com.kms.katalon.core.mobile.keyword.builtin.SetTextKeyword$_setText_closure1.doCall(SetTextKeyword.groovy:56)
	at com.kms.katalon.core.mobile.keyword.builtin.SetTextKeyword$_setText_closure1.call(SetTextKeyword.groovy)
	at com.kms.katalon.core.mobile.keyword.internal.MobileKeywordMain.runKeyword(MobileKeywordMain.groovy:19)
	... 20 more]]></system-err>
   </testsuite>
</testsuites>
